[11:21:25] [Server thread/INFO]: Starting minecraft server version 1.7.2
[11:21:25] [Server console handler/ERROR]: Exception handling console input
java.io.IOException: Referensen (handle) är felaktig
	at java.io.FileInputStream.readBytes(Native Method) ~[?:1.7.0_45]
	at java.io.FileInputStream.read(Unknown Source) ~[?:1.7.0_45]
	at java.io.BufferedInputStream.read1(Unknown Source) ~[?:1.7.0_45]
	at java.io.BufferedInputStream.read(Unknown Source) ~[?:1.7.0_45]
	at sun.nio.cs.StreamDecoder.readBytes(Unknown Source) ~[?:1.7.0_45]
	at sun.nio.cs.StreamDecoder.implRead(Unknown Source) ~[?:1.7.0_45]
	at sun.nio.cs.StreamDecoder.read(Unknown Source) ~[?:1.7.0_45]
	at java.io.InputStreamReader.read(Unknown Source) ~[?:1.7.0_45]
	at java.io.BufferedReader.fill(Unknown Source) ~[?:1.7.0_45]
	at java.io.BufferedReader.readLine(Unknown Source) ~[?:1.7.0_45]
	at java.io.BufferedReader.readLine(Unknown Source) ~[?:1.7.0_45]
	at ll.run(SourceFile:78) [minecraft_server.1.7.2.exe:?]
[11:21:25] [Server thread/INFO]: Loading properties
[11:21:25] [Server thread/INFO]: Default game type: SURVIVAL
[11:21:25] [Server thread/INFO]: Generating keypair
[11:21:25] [Server thread/INFO]: Starting Minecraft server on 10.0.1.5:25565
[11:21:25] [Server thread/WARN]: Failed to load white-list: java.io.FileNotFoundException: .\white-list.txt (Det går inte att hitta filen)
[11:21:25] [Server thread/INFO]: Preparing level "astroe"
[11:21:26] [Server thread/INFO]: Preparing start region for level 0
[11:21:26] [Server thread/INFO]: Done (0,835s)! For help, type "help" or "?"
